===============
Author: _whitetxt
Command: coinflip
Message: None
Error Type: <class 'discord.errors.ApplicationCommandInvokeError'>
Error: Application Command raised an exception: AttributeError: 'Interaction' object has no attribute 'edit'===============
Author: _whitetxt
Command: reload
Message: None
Error Type: <class 'discord.errors.ApplicationCommandInvokeError'>
Error: Application Command raised an exception: AttributeError: module 'discord.ext.commands.errors' has no attribute 'ExtensionNotLoaded'===============
Author: _whitetxt
Command: unload
Message: None
Error Type: <class 'discord.errors.ApplicationCommandInvokeError'>
Error: Application Command raised an exception: AttributeError: module 'discord.ext.commands.errors' has no attribute 'ExtensionNotLoaded'===============
Author: _whitetxt
Command: reload
Message: None
Error Type: <class 'discord.errors.ApplicationCommandInvokeError'>
Error: Application Command raised an exception: AttributeError: module 'discord.ext.commands.errors' has no attribute 'ExtensionNotLoaded'===============
Author: _whitetxt
Command: dice
Message: None
Error Type: <class 'discord.errors.ApplicationCommandInvokeError'>
Error: Application Command raised an exception: TypeError: unsupported operand type(s) for +: 'int' and 'str'===============
Author: _whitetxt
Command: reload
Message: None
Error Type: <class 'discord.errors.ApplicationCommandInvokeError'>
Error: Application Command raised an exception: AttributeError: module 'discord.ext.commands.errors' has no attribute 'ExtensionNotLoaded'===============
Author: _whitetxt
Command: dice
Message: None
Error Type: <class 'discord.errors.ApplicationCommandInvokeError'>
Error: Application Command raised an exception: TypeError: sequence item 0: expected str instance, int found===============
Author: _whitetxt
Command: dice
Message: None
Error Type: <class 'discord.errors.ApplicationCommandInvokeError'>
Error: Application Command raised an exception: TypeError: sequence item 0: expected str instance, int found===============
Author: _whitetxt
Command: reload
Message: None
Error Type: <class 'discord.errors.ApplicationCommandInvokeError'>
Error: Application Command raised an exception: AttributeError: module 'discord.ext.commands.errors' has no attribute 'ExtensionNotLoaded'